[debug] [2021-01-30T02:16:43.747Z] ----------------------------------------------------------------------
[debug] [2021-01-30T02:16:43.750Z] Command:       C:\Program Files\nodejs\node.exe C:\Users\arcae\AppData\Roaming\npm\node_modules\firebase-tools\lib\bin\firebase.js deploy --only functions
[debug] [2021-01-30T02:16:43.750Z] CLI Version:   9.1.0
[debug] [2021-01-30T02:16:43.750Z] Platform:      win32
[debug] [2021-01-30T02:16:43.751Z] Node Version:  v14.7.0
[debug] [2021-01-30T02:16:43.752Z] Time:          Fri Jan 29 2021 22:16:43 GMT-0400 (hora de Venezuela)
[debug] [2021-01-30T02:16:43.752Z] ----------------------------------------------------------------------
[debug] [2021-01-30T02:16:43.752Z] 
[debug] [2021-01-30T02:16:43.761Z] > command requires scopes: ["email","openid","https://www.googleapis.com/auth/cloudplatformprojects.readonly","https://www.googleapis.com/auth/firebase","https://www.googleapis.com/auth/cloud-platform"]
[debug] [2021-01-30T02:16:43.761Z] > authorizing via signed-in user
[debug] [2021-01-30T02:16:43.762Z] [iam] checking project dimelo-vip-col for permissions ["cloudfunctions.functions.create","cloudfunctions.functions.delete","cloudfunctions.functions.get","cloudfunctions.functions.list","cloudfunctions.functions.update","cloudfunctions.operations.get","firebase.projects.get"]
[debug] [2021-01-30T02:16:43.765Z] >>> HTTP REQUEST POST https://cloudresourcemanager.googleapis.com/v1/projects/dimelo-vip-col:testIamPermissions  
 {"permissions":["cloudfunctions.functions.create","cloudfunctions.functions.delete","cloudfunctions.functions.get","cloudfunctions.functions.list","cloudfunctions.functions.update","cloudfunctions.operations.get","firebase.projects.get"]}
[debug] [2021-01-30T02:16:44.393Z] <<< HTTP RESPONSE 200 {"content-type":"application/json; charset=UTF-8","vary":"X-Origin, Referer, Origin,Accept-Encoding","date":"Sat, 30 Jan 2021 02:17:14 GMT","server":"ESF","cache-control":"private","x-xss-protection":"0","x-frame-options":"SAMEORIGIN","x-content-type-options":"nosniff","server-timing":"gfet4t7; dur=151","alt-svc":"h3-29=\":443\"; ma=2592000,h3-T051=\":443\"; ma=2592000,h3-Q050=\":443\"; ma=2592000,h3-Q046=\":443\"; ma=2592000,h3-Q043=\":443\"; ma=2592000,quic=\":443\"; ma=2592000; v=\"46,43\"","accept-ranges":"none","transfer-encoding":"chunked"}
[debug] [2021-01-30T02:16:44.397Z] >>> HTTP REQUEST POST https://iam.googleapis.com/v1/projects/dimelo-vip-col/serviceAccounts/dimelo-vip-col@appspot.gserviceaccount.com:testIamPermissions  
 {"permissions":["iam.serviceAccounts.actAs"]}
[debug] [2021-01-30T02:16:44.900Z] <<< HTTP RESPONSE 200 {"content-type":"application/json; charset=UTF-8","vary":"X-Origin, Referer, Origin,Accept-Encoding","date":"Sat, 30 Jan 2021 02:17:15 GMT","server":"ESF","cache-control":"private","x-xss-protection":"0","x-frame-options":"SAMEORIGIN","x-content-type-options":"nosniff","alt-svc":"h3-29=\":443\"; ma=2592000,h3-T051=\":443\"; ma=2592000,h3-Q050=\":443\"; ma=2592000,h3-Q046=\":443\"; ma=2592000,h3-Q043=\":443\"; ma=2592000,quic=\":443\"; ma=2592000; v=\"46,43\"","accept-ranges":"none","transfer-encoding":"chunked"}
[info] 
[info] === Deploying to 'dimelo-vip-col'...
[info] 
[info] i  deploying functions 
[info] Running command: npm --prefix "$RESOURCE_DIR" run lint
[info] +  functions: Finished running predeploy script. 
[debug] [2021-01-30T02:16:53.015Z] > [functions] package.json contents: {
  "name": "functions",
  "description": "Cloud Functions for Firebase",
  "scripts": {
    "lint": "eslint .",
    "serve": "firebase emulators:start --only functions",
    "shell": "firebase functions:shell",
    "start": "npm run shell",
    "deploy": "firebase deploy --only functions",
    "logs": "firebase functions:log"
  },
  "engines": {
    "node": "12"
  },
  "main": "src/main.js",
  "dependencies": {
    "firebase-admin": "^9.2.0",
    "firebase-functions": "^3.11.0"
  },
  "devDependencies": {
    "eslint": "^5.12.0",
    "eslint-plugin-promise": "^4.0.1",
    "firebase-functions-test": "^0.2.0"
  },
  "private": true
}
[info] i  functions: ensuring required API cloudfunctions.googleapis.com is enabled... 
[info] i  functions: ensuring required API cloudbuild.googleapis.com is enabled... 
[debug] [2021-01-30T02:16:55.186Z] >>> HTTP REQUEST GET https://serviceusage.googleapis.com/v1/projects/dimelo-vip-col/services/cloudfunctions.googleapis.com  
 
[debug] [2021-01-30T02:16:55.187Z] >>> HTTP REQUEST GET https://serviceusage.googleapis.com/v1/projects/dimelo-vip-col/services/runtimeconfig.googleapis.com  
 
[debug] [2021-01-30T02:16:55.187Z] >>> HTTP REQUEST GET https://serviceusage.googleapis.com/v1/projects/dimelo-vip-col/services/cloudbuild.googleapis.com  
 
[debug] [2021-01-30T02:16:55.964Z] <<< HTTP RESPONSE 200 {"content-type":"application/json; charset=UTF-8","vary":"X-Origin, Referer, Origin,Accept-Encoding","date":"Sat, 30 Jan 2021 02:17:26 GMT","server":"ESF","cache-control":"private","x-xss-protection":"0","x-frame-options":"SAMEORIGIN","x-content-type-options":"nosniff","alt-svc":"h3-29=\":443\"; ma=2592000,h3-T051=\":443\"; ma=2592000,h3-Q050=\":443\"; ma=2592000,h3-Q046=\":443\"; ma=2592000,h3-Q043=\":443\"; ma=2592000,quic=\":443\"; ma=2592000; v=\"46,43\"","accept-ranges":"none","transfer-encoding":"chunked"}
[debug] [2021-01-30T02:16:56.083Z] <<< HTTP RESPONSE 200 {"content-type":"application/json; charset=UTF-8","vary":"X-Origin, Referer, Origin,Accept-Encoding","date":"Sat, 30 Jan 2021 02:17:26 GMT","server":"ESF","cache-control":"private","x-xss-protection":"0","x-frame-options":"SAMEORIGIN","x-content-type-options":"nosniff","alt-svc":"h3-29=\":443\"; ma=2592000,h3-T051=\":443\"; ma=2592000,h3-Q050=\":443\"; ma=2592000,h3-Q046=\":443\"; ma=2592000,h3-Q043=\":443\"; ma=2592000,quic=\":443\"; ma=2592000; v=\"46,43\"","accept-ranges":"none","transfer-encoding":"chunked"}
[info] +  functions: required API cloudbuild.googleapis.com is enabled 
[debug] [2021-01-30T02:16:56.107Z] <<< HTTP RESPONSE 200 {"content-type":"application/json; charset=UTF-8","vary":"X-Origin, Referer, Origin,Accept-Encoding","date":"Sat, 30 Jan 2021 02:17:26 GMT","server":"ESF","cache-control":"private","x-xss-protection":"0","x-frame-options":"SAMEORIGIN","x-content-type-options":"nosniff","alt-svc":"h3-29=\":443\"; ma=2592000,h3-T051=\":443\"; ma=2592000,h3-Q050=\":443\"; ma=2592000,h3-Q046=\":443\"; ma=2592000,h3-Q043=\":443\"; ma=2592000,quic=\":443\"; ma=2592000; v=\"46,43\"","accept-ranges":"none","transfer-encoding":"chunked"}
[info] +  functions: required API cloudfunctions.googleapis.com is enabled 
[debug] [2021-01-30T02:16:56.110Z] >>> HTTP REQUEST GET https://firebase.googleapis.com/v1beta1/projects/dimelo-vip-col/adminSdkConfig  
 
[debug] [2021-01-30T02:16:56.666Z] <<< HTTP RESPONSE 200 {"content-type":"application/json; charset=UTF-8","vary":"X-Origin, Referer, Origin,Accept-Encoding","date":"Sat, 30 Jan 2021 02:17:26 GMT","server":"ESF","cache-control":"private","x-xss-protection":"0","x-frame-options":"SAMEORIGIN","x-content-type-options":"nosniff","alt-svc":"h3-29=\":443\"; ma=2592000,h3-T051=\":443\"; ma=2592000,h3-Q050=\":443\"; ma=2592000,h3-Q046=\":443\"; ma=2592000,h3-Q043=\":443\"; ma=2592000,quic=\":443\"; ma=2592000; v=\"46,43\"","accept-ranges":"none","transfer-encoding":"chunked"}
[info] i  functions: preparing functions directory for uploading... 
[debug] [2021-01-30T02:16:56.670Z] >>> HTTP REQUEST GET https://runtimeconfig.googleapis.com/v1beta1/projects/dimelo-vip-col/configs  
 
[debug] [2021-01-30T02:16:57.362Z] <<< HTTP RESPONSE 200 {"content-type":"application/json; charset=UTF-8","vary":"X-Origin, Referer, Origin,Accept-Encoding","date":"Sat, 30 Jan 2021 02:17:27 GMT","server":"ESF","cache-control":"private","x-xss-protection":"0","x-frame-options":"SAMEORIGIN","x-content-type-options":"nosniff","alt-svc":"h3-29=\":443\"; ma=2592000,h3-T051=\":443\"; ma=2592000,h3-Q050=\":443\"; ma=2592000,h3-Q046=\":443\"; ma=2592000,h3-Q043=\":443\"; ma=2592000,quic=\":443\"; ma=2592000; v=\"46,43\"","accept-ranges":"none","transfer-encoding":"chunked"}
[info] i  functions: packaged functions (33.73 KB) for uploading 
[debug] [2021-01-30T02:16:57.875Z] >>> HTTP REQUEST GET https://cloudfunctions.googleapis.com/v1/projects/dimelo-vip-col/locations/-/functions  
 
[debug] [2021-01-30T02:16:58.577Z] <<< HTTP RESPONSE 200 {"content-type":"application/json; charset=UTF-8","vary":"X-Origin, Referer, Origin,Accept-Encoding","date":"Sat, 30 Jan 2021 02:17:28 GMT","server":"ESF","cache-control":"private","x-xss-protection":"0","x-frame-options":"SAMEORIGIN","x-content-type-options":"nosniff","alt-svc":"h3-29=\":443\"; ma=2592000,h3-T051=\":443\"; ma=2592000,h3-Q050=\":443\"; ma=2592000,h3-Q046=\":443\"; ma=2592000,h3-Q043=\":443\"; ma=2592000,quic=\":443\"; ma=2592000; v=\"46,43\"","accept-ranges":"none","transfer-encoding":"chunked"}
[debug] [2021-01-30T02:16:58.583Z] >>> HTTP REQUEST POST https://cloudfunctions.googleapis.com/v1/projects/dimelo-vip-col/locations/us-central1/functions:generateUploadUrl  
 
[debug] [2021-01-30T02:16:59.280Z] <<< HTTP RESPONSE 200 {"content-type":"application/json; charset=UTF-8","vary":"X-Origin, Referer, Origin,Accept-Encoding","date":"Sat, 30 Jan 2021 02:17:29 GMT","server":"ESF","cache-control":"private","x-xss-protection":"0","x-frame-options":"SAMEORIGIN","x-content-type-options":"nosniff","alt-svc":"h3-29=\":443\"; ma=2592000,h3-T051=\":443\"; ma=2592000,h3-Q050=\":443\"; ma=2592000,h3-Q046=\":443\"; ma=2592000,h3-Q043=\":443\"; ma=2592000,quic=\":443\"; ma=2592000; v=\"46,43\"","accept-ranges":"none","transfer-encoding":"chunked"}
[debug] [2021-01-30T02:16:59.281Z] >>> HTTP REQUEST PUT https://storage.googleapis.com/gcf-upload-us-central1-3815e770-f1d9-4122-ad02-bc009d7c697c/b0813637-a6c2-4bc4-8054-7ed0bb34d887.zip?GoogleAccessId=service-909520655494@gcf-admin-robot.iam.gserviceaccount.com&Expires=1611974849&Signature=rYOqfG5ofs1nbIr0u6C1DQBaqwXWSb5TIDKYAXZzd1dk90PJM1Vf6JobzoOAl0WBaw5uq3NRSmaHhKVcwiIFseExD%2BGLEWFMk0mBdxvPDdFHM8L2ez2fi5B3iQvt8Z%2F7JPvHKMoipQk8ySnu4Zcbxqm9ubv9ief3CoECXQzMEKa488sPo5WBkLfhnJn%2FA82AdIpD27ju3xGwtc1ymU%2Fh4dfLsrQRQtVot%2FWmqJI%2FatPS5t310a%2B7NFaR30bobiS%2BrMsTrMEsQ2Tv1NgvS9SNtgzgwi1xx%2Fbr3LKcKcrIOvTUbwVFZ6l9PA5X2tQBcSiw%2BPLtkGMXekojOo8FlFmsPQ%3D%3D  
 <request body omitted>
[debug] [2021-01-30T02:17:01.211Z] <<< HTTP RESPONSE 200 {"x-guploader-uploadid":"ABg5-UxpMftcignnK-Sdx_2AGYl4KRL2cH_OeYY9Vc3wTQIIWbwJsL1cIMr9VG8XpDT86U7WgtMhJZZHp3GxahtDqEpR3WTdXg","etag":"\"ce0b3195849de14ad88e06a59021fc9e\"","x-goog-generation":"1611973051316147","x-goog-metageneration":"1","x-goog-hash":"crc32c=hMHngg==, md5=zgsxlYSd4UrYjgalkCH8ng==","x-goog-stored-content-length":"34544","x-goog-stored-content-encoding":"identity","vary":"Origin","content-length":"0","date":"Sat, 30 Jan 2021 02:17:31 GMT","server":"UploadServer","content-type":"text/html; charset=UTF-8","alt-svc":"h3-29=\":443\"; ma=2592000,h3-T051=\":443\"; ma=2592000,h3-Q050=\":443\"; ma=2592000,h3-Q046=\":443\"; ma=2592000,h3-Q043=\":443\"; ma=2592000,quic=\":443\"; ma=2592000; v=\"46,43\""}
[info] +  functions: functions folder uploaded successfully 
[info] i  functions: creating Node.js 12 function onCreateCC(us-central1)... 
[debug] [2021-01-30T02:17:01.242Z] Trigger is:  {"eventTrigger":{"resource":"projects/dimelo-vip-col/databases/(default)/documents/CC/{cedula}","eventType":"providers/cloud.firestore/eventTypes/document.create","service":"firestore.googleapis.com"}}
[info] 
The following functions are found in your project but do not exist in your local source code:
	WelcomeUser(us-central1)

If you are renaming a function or changing its region, it is recommended that you create the new function first before deleting the old one to prevent event loss. For more info, visit https://firebase.google.com/docs/functions/manage-functions#modify

[info] i  functions: continuing with other deployments. 
[debug] [2021-01-30T02:17:03.640Z] >>> HTTP REQUEST POST https://cloudfunctions.googleapis.com/v1/projects/dimelo-vip-col/locations/us-central1/functions  
 {"sourceUploadUrl":"https://storage.googleapis.com/gcf-upload-us-central1-3815e770-f1d9-4122-ad02-bc009d7c697c/b0813637-a6c2-4bc4-8054-7ed0bb34d887.zip?GoogleAccessId=service-909520655494@gcf-admin-robot.iam.gserviceaccount.com&Expires=1611974849&Signature=rYOqfG5ofs1nbIr0u6C1DQBaqwXWSb5TIDKYAXZzd1dk90PJM1Vf6JobzoOAl0WBaw5uq3NRSmaHhKVcwiIFseExD%2BGLEWFMk0mBdxvPDdFHM8L2ez2fi5B3iQvt8Z%2F7JPvHKMoipQk8ySnu4Zcbxqm9ubv9ief3CoECXQzMEKa488sPo5WBkLfhnJn%2FA82AdIpD27ju3xGwtc1ymU%2Fh4dfLsrQRQtVot%2FWmqJI%2FatPS5t310a%2B7NFaR30bobiS%2BrMsTrMEsQ2Tv1NgvS9SNtgzgwi1xx%2Fbr3LKcKcrIOvTUbwVFZ6l9PA5X2tQBcSiw%2BPLtkGMXekojOo8FlFmsPQ%3D%3D","name":"projects/dimelo-vip-col/locations/us-central1/functions/onCreateCC","entryPoint":"onCreateCC","labels":{"deployment-tool":"cli-firebase"},"runtime":"nodejs12","environmentVariables":{"FIREBASE_CONFIG":"{\"projectId\":\"dimelo-vip-col\",\"databaseURL\":\"https://dimelo-vip-col-default-rtdb.firebaseio.com\",\"storageBucket\":\"dimelo-vip-col.appspot.com\",\"locationId\":\"southamerica-east1\"}"},"eventTrigger":{"resource":"projects/dimelo-vip-col/databases/(default)/documents/CC/{cedula}","eventType":"providers/cloud.firestore/eventTypes/document.create","service":"firestore.googleapis.com"}}
[debug] [2021-01-30T02:17:04.418Z] <<< HTTP RESPONSE 200 {"content-type":"application/json; charset=UTF-8","vary":"X-Origin, Referer, Origin,Accept-Encoding","date":"Sat, 30 Jan 2021 02:17:34 GMT","server":"ESF","cache-control":"private","x-xss-protection":"0","x-frame-options":"SAMEORIGIN","x-content-type-options":"nosniff","alt-svc":"h3-29=\":443\"; ma=2592000,h3-T051=\":443\"; ma=2592000,h3-Q050=\":443\"; ma=2592000,h3-Q046=\":443\"; ma=2592000,h3-Q043=\":443\"; ma=2592000,quic=\":443\"; ma=2592000; v=\"46,43\"","accept-ranges":"none","transfer-encoding":"chunked"}
[debug] [2021-01-30T02:17:04.422Z] >>> HTTP REQUEST GET https://cloudfunctions.googleapis.com/v1/operations/ZGltZWxvLXZpcC1jb2wvdXMtY2VudHJhbDEvb25DcmVhdGVDQy9meno5bDMteGpYZw  
 
[debug] [2021-01-30T02:17:04.919Z] <<< HTTP RESPONSE 200 {"content-type":"application/json; charset=UTF-8","vary":"X-Origin, Referer, Origin,Accept-Encoding","date":"Sat, 30 Jan 2021 02:17:35 GMT","server":"ESF","cache-control":"private","x-xss-protection":"0","x-frame-options":"SAMEORIGIN","x-content-type-options":"nosniff","alt-svc":"h3-29=\":443\"; ma=2592000,h3-T051=\":443\"; ma=2592000,h3-Q050=\":443\"; ma=2592000,h3-Q046=\":443\"; ma=2592000,h3-Q043=\":443\"; ma=2592000,quic=\":443\"; ma=2592000; v=\"46,43\"","accept-ranges":"none","transfer-encoding":"chunked"}
[debug] [2021-01-30T02:17:06.924Z] >>> HTTP REQUEST GET https://cloudfunctions.googleapis.com/v1/operations/ZGltZWxvLXZpcC1jb2wvdXMtY2VudHJhbDEvb25DcmVhdGVDQy9meno5bDMteGpYZw  
 
[debug] [2021-01-30T02:17:07.333Z] <<< HTTP RESPONSE 200 {"content-type":"application/json; charset=UTF-8","vary":"X-Origin, Referer, Origin,Accept-Encoding","date":"Sat, 30 Jan 2021 02:17:37 GMT","server":"ESF","cache-control":"private","x-xss-protection":"0","x-frame-options":"SAMEORIGIN","x-content-type-options":"nosniff","alt-svc":"h3-29=\":443\"; ma=2592000,h3-T051=\":443\"; ma=2592000,h3-Q050=\":443\"; ma=2592000,h3-Q046=\":443\"; ma=2592000,h3-Q043=\":443\"; ma=2592000,quic=\":443\"; ma=2592000; v=\"46,43\"","accept-ranges":"none","transfer-encoding":"chunked"}
[debug] [2021-01-30T02:17:09.337Z] >>> HTTP REQUEST GET https://cloudfunctions.googleapis.com/v1/operations/ZGltZWxvLXZpcC1jb2wvdXMtY2VudHJhbDEvb25DcmVhdGVDQy9meno5bDMteGpYZw  
 
[debug] [2021-01-30T02:17:09.882Z] <<< HTTP RESPONSE 200 {"content-type":"application/json; charset=UTF-8","vary":"X-Origin, Referer, Origin,Accept-Encoding","date":"Sat, 30 Jan 2021 02:17:39 GMT","server":"ESF","cache-control":"private","x-xss-protection":"0","x-frame-options":"SAMEORIGIN","x-content-type-options":"nosniff","alt-svc":"h3-29=\":443\"; ma=2592000,h3-T051=\":443\"; ma=2592000,h3-Q050=\":443\"; ma=2592000,h3-Q046=\":443\"; ma=2592000,h3-Q043=\":443\"; ma=2592000,quic=\":443\"; ma=2592000; v=\"46,43\"","accept-ranges":"none","transfer-encoding":"chunked"}
[debug] [2021-01-30T02:17:11.894Z] >>> HTTP REQUEST GET https://cloudfunctions.googleapis.com/v1/operations/ZGltZWxvLXZpcC1jb2wvdXMtY2VudHJhbDEvb25DcmVhdGVDQy9meno5bDMteGpYZw  
 
[debug] [2021-01-30T02:17:12.397Z] <<< HTTP RESPONSE 200 {"content-type":"application/json; charset=UTF-8","vary":"X-Origin, Referer, Origin,Accept-Encoding","date":"Sat, 30 Jan 2021 02:17:42 GMT","server":"ESF","cache-control":"private","x-xss-protection":"0","x-frame-options":"SAMEORIGIN","x-content-type-options":"nosniff","alt-svc":"h3-29=\":443\"; ma=2592000,h3-T051=\":443\"; ma=2592000,h3-Q050=\":443\"; ma=2592000,h3-Q046=\":443\"; ma=2592000,h3-Q043=\":443\"; ma=2592000,quic=\":443\"; ma=2592000; v=\"46,43\"","accept-ranges":"none","transfer-encoding":"chunked"}
[debug] [2021-01-30T02:17:14.405Z] >>> HTTP REQUEST GET https://cloudfunctions.googleapis.com/v1/operations/ZGltZWxvLXZpcC1jb2wvdXMtY2VudHJhbDEvb25DcmVhdGVDQy9meno5bDMteGpYZw  
 
[debug] [2021-01-30T02:17:14.834Z] <<< HTTP RESPONSE 200 {"content-type":"application/json; charset=UTF-8","vary":"X-Origin, Referer, Origin,Accept-Encoding","date":"Sat, 30 Jan 2021 02:17:44 GMT","server":"ESF","cache-control":"private","x-xss-protection":"0","x-frame-options":"SAMEORIGIN","x-content-type-options":"nosniff","alt-svc":"h3-29=\":443\"; ma=2592000,h3-T051=\":443\"; ma=2592000,h3-Q050=\":443\"; ma=2592000,h3-Q046=\":443\"; ma=2592000,h3-Q043=\":443\"; ma=2592000,quic=\":443\"; ma=2592000; v=\"46,43\"","accept-ranges":"none","transfer-encoding":"chunked"}
[debug] [2021-01-30T02:17:16.835Z] >>> HTTP REQUEST GET https://cloudfunctions.googleapis.com/v1/operations/ZGltZWxvLXZpcC1jb2wvdXMtY2VudHJhbDEvb25DcmVhdGVDQy9meno5bDMteGpYZw  
 
[debug] [2021-01-30T02:17:17.330Z] <<< HTTP RESPONSE 200 {"content-type":"application/json; charset=UTF-8","vary":"X-Origin, Referer, Origin,Accept-Encoding","date":"Sat, 30 Jan 2021 02:17:47 GMT","server":"ESF","cache-control":"private","x-xss-protection":"0","x-frame-options":"SAMEORIGIN","x-content-type-options":"nosniff","alt-svc":"h3-29=\":443\"; ma=2592000,h3-T051=\":443\"; ma=2592000,h3-Q050=\":443\"; ma=2592000,h3-Q046=\":443\"; ma=2592000,h3-Q043=\":443\"; ma=2592000,quic=\":443\"; ma=2592000; v=\"46,43\"","accept-ranges":"none","transfer-encoding":"chunked"}
[debug] [2021-01-30T02:17:19.344Z] >>> HTTP REQUEST GET https://cloudfunctions.googleapis.com/v1/operations/ZGltZWxvLXZpcC1jb2wvdXMtY2VudHJhbDEvb25DcmVhdGVDQy9meno5bDMteGpYZw  
 
[debug] [2021-01-30T02:17:20.048Z] <<< HTTP RESPONSE 200 {"content-type":"application/json; charset=UTF-8","vary":"X-Origin, Referer, Origin,Accept-Encoding","date":"Sat, 30 Jan 2021 02:17:50 GMT","server":"ESF","cache-control":"private","x-xss-protection":"0","x-frame-options":"SAMEORIGIN","x-content-type-options":"nosniff","alt-svc":"h3-29=\":443\"; ma=2592000,h3-T051=\":443\"; ma=2592000,h3-Q050=\":443\"; ma=2592000,h3-Q046=\":443\"; ma=2592000,h3-Q043=\":443\"; ma=2592000,quic=\":443\"; ma=2592000; v=\"46,43\"","accept-ranges":"none","transfer-encoding":"chunked"}
[debug] [2021-01-30T02:17:22.054Z] >>> HTTP REQUEST GET https://cloudfunctions.googleapis.com/v1/operations/ZGltZWxvLXZpcC1jb2wvdXMtY2VudHJhbDEvb25DcmVhdGVDQy9meno5bDMteGpYZw  
 
[debug] [2021-01-30T02:17:22.639Z] <<< HTTP RESPONSE 200 {"content-type":"application/json; charset=UTF-8","vary":"X-Origin, Referer, Origin,Accept-Encoding","date":"Sat, 30 Jan 2021 02:17:52 GMT","server":"ESF","cache-control":"private","x-xss-protection":"0","x-frame-options":"SAMEORIGIN","x-content-type-options":"nosniff","alt-svc":"h3-29=\":443\"; ma=2592000,h3-T051=\":443\"; ma=2592000,h3-Q050=\":443\"; ma=2592000,h3-Q046=\":443\"; ma=2592000,h3-Q043=\":443\"; ma=2592000,quic=\":443\"; ma=2592000; v=\"46,43\"","accept-ranges":"none","transfer-encoding":"chunked"}
[debug] [2021-01-30T02:17:24.642Z] >>> HTTP REQUEST GET https://cloudfunctions.googleapis.com/v1/operations/ZGltZWxvLXZpcC1jb2wvdXMtY2VudHJhbDEvb25DcmVhdGVDQy9meno5bDMteGpYZw  
 
[debug] [2021-01-30T02:17:25.145Z] <<< HTTP RESPONSE 200 {"content-type":"application/json; charset=UTF-8","vary":"X-Origin, Referer, Origin,Accept-Encoding","date":"Sat, 30 Jan 2021 02:17:55 GMT","server":"ESF","cache-control":"private","x-xss-protection":"0","x-frame-options":"SAMEORIGIN","x-content-type-options":"nosniff","alt-svc":"h3-29=\":443\"; ma=2592000,h3-T051=\":443\"; ma=2592000,h3-Q050=\":443\"; ma=2592000,h3-Q046=\":443\"; ma=2592000,h3-Q043=\":443\"; ma=2592000,quic=\":443\"; ma=2592000; v=\"46,43\"","accept-ranges":"none","transfer-encoding":"chunked"}
[debug] [2021-01-30T02:17:27.154Z] >>> HTTP REQUEST GET https://cloudfunctions.googleapis.com/v1/operations/ZGltZWxvLXZpcC1jb2wvdXMtY2VudHJhbDEvb25DcmVhdGVDQy9meno5bDMteGpYZw  
 
[debug] [2021-01-30T02:17:27.949Z] <<< HTTP RESPONSE 200 {"content-type":"application/json; charset=UTF-8","vary":"X-Origin, Referer, Origin,Accept-Encoding","date":"Sat, 30 Jan 2021 02:17:58 GMT","server":"ESF","cache-control":"private","x-xss-protection":"0","x-frame-options":"SAMEORIGIN","x-content-type-options":"nosniff","alt-svc":"h3-29=\":443\"; ma=2592000,h3-T051=\":443\"; ma=2592000,h3-Q050=\":443\"; ma=2592000,h3-Q046=\":443\"; ma=2592000,h3-Q043=\":443\"; ma=2592000,quic=\":443\"; ma=2592000; v=\"46,43\"","accept-ranges":"none","transfer-encoding":"chunked"}
[debug] [2021-01-30T02:17:29.966Z] >>> HTTP REQUEST GET https://cloudfunctions.googleapis.com/v1/operations/ZGltZWxvLXZpcC1jb2wvdXMtY2VudHJhbDEvb25DcmVhdGVDQy9meno5bDMteGpYZw  
 
[debug] [2021-01-30T02:17:30.468Z] <<< HTTP RESPONSE 200 {"content-type":"application/json; charset=UTF-8","vary":"X-Origin, Referer, Origin,Accept-Encoding","date":"Sat, 30 Jan 2021 02:18:00 GMT","server":"ESF","cache-control":"private","x-xss-protection":"0","x-frame-options":"SAMEORIGIN","x-content-type-options":"nosniff","alt-svc":"h3-29=\":443\"; ma=2592000,h3-T051=\":443\"; ma=2592000,h3-Q050=\":443\"; ma=2592000,h3-Q046=\":443\"; ma=2592000,h3-Q043=\":443\"; ma=2592000,quic=\":443\"; ma=2592000; v=\"46,43\"","accept-ranges":"none","transfer-encoding":"chunked"}
[debug] [2021-01-30T02:17:32.473Z] >>> HTTP REQUEST GET https://cloudfunctions.googleapis.com/v1/operations/ZGltZWxvLXZpcC1jb2wvdXMtY2VudHJhbDEvb25DcmVhdGVDQy9meno5bDMteGpYZw  
 
[debug] [2021-01-30T02:17:32.839Z] <<< HTTP RESPONSE 200 {"content-type":"application/json; charset=UTF-8","vary":"X-Origin, Referer, Origin,Accept-Encoding","date":"Sat, 30 Jan 2021 02:18:02 GMT","server":"ESF","cache-control":"private","x-xss-protection":"0","x-frame-options":"SAMEORIGIN","x-content-type-options":"nosniff","alt-svc":"h3-29=\":443\"; ma=2592000,h3-T051=\":443\"; ma=2592000,h3-Q050=\":443\"; ma=2592000,h3-Q046=\":443\"; ma=2592000,h3-Q043=\":443\"; ma=2592000,quic=\":443\"; ma=2592000; v=\"46,43\"","accept-ranges":"none","transfer-encoding":"chunked"}
[debug] [2021-01-30T02:17:34.851Z] >>> HTTP REQUEST GET https://cloudfunctions.googleapis.com/v1/operations/ZGltZWxvLXZpcC1jb2wvdXMtY2VudHJhbDEvb25DcmVhdGVDQy9meno5bDMteGpYZw  
 
[debug] [2021-01-30T02:17:35.211Z] <<< HTTP RESPONSE 200 {"content-type":"application/json; charset=UTF-8","vary":"X-Origin, Referer, Origin,Accept-Encoding","date":"Sat, 30 Jan 2021 02:18:05 GMT","server":"ESF","cache-control":"private","x-xss-protection":"0","x-frame-options":"SAMEORIGIN","x-content-type-options":"nosniff","alt-svc":"h3-29=\":443\"; ma=2592000,h3-T051=\":443\"; ma=2592000,h3-Q050=\":443\"; ma=2592000,h3-Q046=\":443\"; ma=2592000,h3-Q043=\":443\"; ma=2592000,quic=\":443\"; ma=2592000; v=\"46,43\"","accept-ranges":"none","transfer-encoding":"chunked"}
[debug] [2021-01-30T02:17:37.213Z] >>> HTTP REQUEST GET https://cloudfunctions.googleapis.com/v1/operations/ZGltZWxvLXZpcC1jb2wvdXMtY2VudHJhbDEvb25DcmVhdGVDQy9meno5bDMteGpYZw  
 
[debug] [2021-01-30T02:17:37.601Z] <<< HTTP RESPONSE 200 {"content-type":"application/json; charset=UTF-8","vary":"X-Origin, Referer, Origin,Accept-Encoding","date":"Sat, 30 Jan 2021 02:18:07 GMT","server":"ESF","cache-control":"private","x-xss-protection":"0","x-frame-options":"SAMEORIGIN","x-content-type-options":"nosniff","alt-svc":"h3-29=\":443\"; ma=2592000,h3-T051=\":443\"; ma=2592000,h3-Q050=\":443\"; ma=2592000,h3-Q046=\":443\"; ma=2592000,h3-Q043=\":443\"; ma=2592000,quic=\":443\"; ma=2592000; v=\"46,43\"","accept-ranges":"none","transfer-encoding":"chunked"}
[debug] [2021-01-30T02:17:39.612Z] >>> HTTP REQUEST GET https://cloudfunctions.googleapis.com/v1/operations/ZGltZWxvLXZpcC1jb2wvdXMtY2VudHJhbDEvb25DcmVhdGVDQy9meno5bDMteGpYZw  
 
[debug] [2021-01-30T02:17:40.154Z] <<< HTTP RESPONSE 200 {"content-type":"application/json; charset=UTF-8","vary":"X-Origin, Referer, Origin,Accept-Encoding","date":"Sat, 30 Jan 2021 02:18:10 GMT","server":"ESF","cache-control":"private","x-xss-protection":"0","x-frame-options":"SAMEORIGIN","x-content-type-options":"nosniff","alt-svc":"h3-29=\":443\"; ma=2592000,h3-T051=\":443\"; ma=2592000,h3-Q050=\":443\"; ma=2592000,h3-Q046=\":443\"; ma=2592000,h3-Q043=\":443\"; ma=2592000,quic=\":443\"; ma=2592000; v=\"46,43\"","accept-ranges":"none","transfer-encoding":"chunked"}
[debug] [2021-01-30T02:17:42.170Z] >>> HTTP REQUEST GET https://cloudfunctions.googleapis.com/v1/operations/ZGltZWxvLXZpcC1jb2wvdXMtY2VudHJhbDEvb25DcmVhdGVDQy9meno5bDMteGpYZw  
 
[debug] [2021-01-30T02:17:42.660Z] <<< HTTP RESPONSE 200 {"content-type":"application/json; charset=UTF-8","vary":"X-Origin, Referer, Origin,Accept-Encoding","date":"Sat, 30 Jan 2021 02:18:12 GMT","server":"ESF","cache-control":"private","x-xss-protection":"0","x-frame-options":"SAMEORIGIN","x-content-type-options":"nosniff","alt-svc":"h3-29=\":443\"; ma=2592000,h3-T051=\":443\"; ma=2592000,h3-Q050=\":443\"; ma=2592000,h3-Q046=\":443\"; ma=2592000,h3-Q043=\":443\"; ma=2592000,quic=\":443\"; ma=2592000; v=\"46,43\"","accept-ranges":"none","transfer-encoding":"chunked"}
[debug] [2021-01-30T02:17:44.673Z] >>> HTTP REQUEST GET https://cloudfunctions.googleapis.com/v1/operations/ZGltZWxvLXZpcC1jb2wvdXMtY2VudHJhbDEvb25DcmVhdGVDQy9meno5bDMteGpYZw  
 
[debug] [2021-01-30T02:17:45.151Z] <<< HTTP RESPONSE 200 {"content-type":"application/json; charset=UTF-8","vary":"X-Origin, Referer, Origin,Accept-Encoding","date":"Sat, 30 Jan 2021 02:18:15 GMT","server":"ESF","cache-control":"private","x-xss-protection":"0","x-frame-options":"SAMEORIGIN","x-content-type-options":"nosniff","alt-svc":"h3-29=\":443\"; ma=2592000,h3-T051=\":443\"; ma=2592000,h3-Q050=\":443\"; ma=2592000,h3-Q046=\":443\"; ma=2592000,h3-Q043=\":443\"; ma=2592000,quic=\":443\"; ma=2592000; v=\"46,43\"","accept-ranges":"none","transfer-encoding":"chunked"}
[debug] [2021-01-30T02:17:47.155Z] >>> HTTP REQUEST GET https://cloudfunctions.googleapis.com/v1/operations/ZGltZWxvLXZpcC1jb2wvdXMtY2VudHJhbDEvb25DcmVhdGVDQy9meno5bDMteGpYZw  
 
[debug] [2021-01-30T02:17:47.505Z] <<< HTTP RESPONSE 200 {"content-type":"application/json; charset=UTF-8","vary":"X-Origin, Referer, Origin,Accept-Encoding","date":"Sat, 30 Jan 2021 02:18:17 GMT","server":"ESF","cache-control":"private","x-xss-protection":"0","x-frame-options":"SAMEORIGIN","x-content-type-options":"nosniff","alt-svc":"h3-29=\":443\"; ma=2592000,h3-T051=\":443\"; ma=2592000,h3-Q050=\":443\"; ma=2592000,h3-Q046=\":443\"; ma=2592000,h3-Q043=\":443\"; ma=2592000,quic=\":443\"; ma=2592000; v=\"46,43\"","accept-ranges":"none","transfer-encoding":"chunked"}
[debug] [2021-01-30T02:17:49.520Z] >>> HTTP REQUEST GET https://cloudfunctions.googleapis.com/v1/operations/ZGltZWxvLXZpcC1jb2wvdXMtY2VudHJhbDEvb25DcmVhdGVDQy9meno5bDMteGpYZw  
 
[debug] [2021-01-30T02:17:50.085Z] <<< HTTP RESPONSE 200 {"content-type":"application/json; charset=UTF-8","vary":"X-Origin, Referer, Origin,Accept-Encoding","date":"Sat, 30 Jan 2021 02:18:20 GMT","server":"ESF","cache-control":"private","x-xss-protection":"0","x-frame-options":"SAMEORIGIN","x-content-type-options":"nosniff","alt-svc":"h3-29=\":443\"; ma=2592000,h3-T051=\":443\"; ma=2592000,h3-Q050=\":443\"; ma=2592000,h3-Q046=\":443\"; ma=2592000,h3-Q043=\":443\"; ma=2592000,quic=\":443\"; ma=2592000; v=\"46,43\"","accept-ranges":"none","transfer-encoding":"chunked"}
[debug] [2021-01-30T02:17:52.091Z] >>> HTTP REQUEST GET https://cloudfunctions.googleapis.com/v1/operations/ZGltZWxvLXZpcC1jb2wvdXMtY2VudHJhbDEvb25DcmVhdGVDQy9meno5bDMteGpYZw  
 
[debug] [2021-01-30T02:17:52.582Z] <<< HTTP RESPONSE 200 {"content-type":"application/json; charset=UTF-8","vary":"X-Origin, Referer, Origin,Accept-Encoding","date":"Sat, 30 Jan 2021 02:18:22 GMT","server":"ESF","cache-control":"private","x-xss-protection":"0","x-frame-options":"SAMEORIGIN","x-content-type-options":"nosniff","alt-svc":"h3-29=\":443\"; ma=2592000,h3-T051=\":443\"; ma=2592000,h3-Q050=\":443\"; ma=2592000,h3-Q046=\":443\"; ma=2592000,h3-Q043=\":443\"; ma=2592000,quic=\":443\"; ma=2592000; v=\"46,43\"","accept-ranges":"none","transfer-encoding":"chunked"}
[debug] [2021-01-30T02:17:54.593Z] >>> HTTP REQUEST GET https://cloudfunctions.googleapis.com/v1/operations/ZGltZWxvLXZpcC1jb2wvdXMtY2VudHJhbDEvb25DcmVhdGVDQy9meno5bDMteGpYZw  
 
[debug] [2021-01-30T02:17:54.983Z] <<< HTTP RESPONSE 200 {"content-type":"application/json; charset=UTF-8","vary":"X-Origin, Referer, Origin,Accept-Encoding","date":"Sat, 30 Jan 2021 02:18:25 GMT","server":"ESF","cache-control":"private","x-xss-protection":"0","x-frame-options":"SAMEORIGIN","x-content-type-options":"nosniff","alt-svc":"h3-29=\":443\"; ma=2592000,h3-T051=\":443\"; ma=2592000,h3-Q050=\":443\"; ma=2592000,h3-Q046=\":443\"; ma=2592000,h3-Q043=\":443\"; ma=2592000,quic=\":443\"; ma=2592000; v=\"46,43\"","accept-ranges":"none","transfer-encoding":"chunked"}
[debug] [2021-01-30T02:17:56.990Z] >>> HTTP REQUEST GET https://cloudfunctions.googleapis.com/v1/operations/ZGltZWxvLXZpcC1jb2wvdXMtY2VudHJhbDEvb25DcmVhdGVDQy9meno5bDMteGpYZw  
 
[debug] [2021-01-30T02:17:57.471Z] <<< HTTP RESPONSE 200 {"content-type":"application/json; charset=UTF-8","vary":"X-Origin, Referer, Origin,Accept-Encoding","date":"Sat, 30 Jan 2021 02:18:27 GMT","server":"ESF","cache-control":"private","x-xss-protection":"0","x-frame-options":"SAMEORIGIN","x-content-type-options":"nosniff","alt-svc":"h3-29=\":443\"; ma=2592000,h3-T051=\":443\"; ma=2592000,h3-Q050=\":443\"; ma=2592000,h3-Q046=\":443\"; ma=2592000,h3-Q043=\":443\"; ma=2592000,quic=\":443\"; ma=2592000; v=\"46,43\"","accept-ranges":"none","transfer-encoding":"chunked"}
[debug] [2021-01-30T02:17:59.487Z] >>> HTTP REQUEST GET https://cloudfunctions.googleapis.com/v1/operations/ZGltZWxvLXZpcC1jb2wvdXMtY2VudHJhbDEvb25DcmVhdGVDQy9meno5bDMteGpYZw  
 
[debug] [2021-01-30T02:17:59.982Z] <<< HTTP RESPONSE 200 {"content-type":"application/json; charset=UTF-8","vary":"X-Origin, Referer, Origin,Accept-Encoding","date":"Sat, 30 Jan 2021 02:18:30 GMT","server":"ESF","cache-control":"private","x-xss-protection":"0","x-frame-options":"SAMEORIGIN","x-content-type-options":"nosniff","alt-svc":"h3-29=\":443\"; ma=2592000,h3-T051=\":443\"; ma=2592000,h3-Q050=\":443\"; ma=2592000,h3-Q046=\":443\"; ma=2592000,h3-Q043=\":443\"; ma=2592000,quic=\":443\"; ma=2592000; v=\"46,43\"","accept-ranges":"none","transfer-encoding":"chunked"}
[debug] [2021-01-30T02:18:01.992Z] >>> HTTP REQUEST GET https://cloudfunctions.googleapis.com/v1/operations/ZGltZWxvLXZpcC1jb2wvdXMtY2VudHJhbDEvb25DcmVhdGVDQy9meno5bDMteGpYZw  
 
[debug] [2021-01-30T02:18:02.411Z] <<< HTTP RESPONSE 200 {"content-type":"application/json; charset=UTF-8","vary":"X-Origin, Referer, Origin,Accept-Encoding","date":"Sat, 30 Jan 2021 02:18:32 GMT","server":"ESF","cache-control":"private","x-xss-protection":"0","x-frame-options":"SAMEORIGIN","x-content-type-options":"nosniff","alt-svc":"h3-29=\":443\"; ma=2592000,h3-T051=\":443\"; ma=2592000,h3-Q050=\":443\"; ma=2592000,h3-Q046=\":443\"; ma=2592000,h3-Q043=\":443\"; ma=2592000,quic=\":443\"; ma=2592000; v=\"46,43\"","accept-ranges":"none","transfer-encoding":"chunked"}
[debug] [2021-01-30T02:18:04.425Z] >>> HTTP REQUEST GET https://cloudfunctions.googleapis.com/v1/operations/ZGltZWxvLXZpcC1jb2wvdXMtY2VudHJhbDEvb25DcmVhdGVDQy9meno5bDMteGpYZw  
 
[debug] [2021-01-30T02:18:04.914Z] <<< HTTP RESPONSE 200 {"content-type":"application/json; charset=UTF-8","vary":"X-Origin, Referer, Origin,Accept-Encoding","date":"Sat, 30 Jan 2021 02:18:35 GMT","server":"ESF","cache-control":"private","x-xss-protection":"0","x-frame-options":"SAMEORIGIN","x-content-type-options":"nosniff","alt-svc":"h3-29=\":443\"; ma=2592000,h3-T051=\":443\"; ma=2592000,h3-Q050=\":443\"; ma=2592000,h3-Q046=\":443\"; ma=2592000,h3-Q043=\":443\"; ma=2592000,quic=\":443\"; ma=2592000; v=\"46,43\"","accept-ranges":"none","transfer-encoding":"chunked"}
[debug] [2021-01-30T02:18:06.926Z] >>> HTTP REQUEST GET https://cloudfunctions.googleapis.com/v1/operations/ZGltZWxvLXZpcC1jb2wvdXMtY2VudHJhbDEvb25DcmVhdGVDQy9meno5bDMteGpYZw  
 
[debug] [2021-01-30T02:18:07.442Z] <<< HTTP RESPONSE 200 {"content-type":"application/json; charset=UTF-8","vary":"X-Origin, Referer, Origin,Accept-Encoding","date":"Sat, 30 Jan 2021 02:18:37 GMT","server":"ESF","cache-control":"private","x-xss-protection":"0","x-frame-options":"SAMEORIGIN","x-content-type-options":"nosniff","alt-svc":"h3-29=\":443\"; ma=2592000,h3-T051=\":443\"; ma=2592000,h3-Q050=\":443\"; ma=2592000,h3-Q046=\":443\"; ma=2592000,h3-Q043=\":443\"; ma=2592000,quic=\":443\"; ma=2592000; v=\"46,43\"","accept-ranges":"none","transfer-encoding":"chunked"}
[debug] [2021-01-30T02:18:09.451Z] >>> HTTP REQUEST GET https://cloudfunctions.googleapis.com/v1/operations/ZGltZWxvLXZpcC1jb2wvdXMtY2VudHJhbDEvb25DcmVhdGVDQy9meno5bDMteGpYZw  
 
[debug] [2021-01-30T02:18:09.939Z] <<< HTTP RESPONSE 200 {"content-type":"application/json; charset=UTF-8","vary":"X-Origin, Referer, Origin,Accept-Encoding","date":"Sat, 30 Jan 2021 02:18:40 GMT","server":"ESF","cache-control":"private","x-xss-protection":"0","x-frame-options":"SAMEORIGIN","x-content-type-options":"nosniff","alt-svc":"h3-29=\":443\"; ma=2592000,h3-T051=\":443\"; ma=2592000,h3-Q050=\":443\"; ma=2592000,h3-Q046=\":443\"; ma=2592000,h3-Q043=\":443\"; ma=2592000,quic=\":443\"; ma=2592000; v=\"46,43\"","accept-ranges":"none","transfer-encoding":"chunked"}
[debug] [2021-01-30T02:18:11.941Z] >>> HTTP REQUEST GET https://cloudfunctions.googleapis.com/v1/operations/ZGltZWxvLXZpcC1jb2wvdXMtY2VudHJhbDEvb25DcmVhdGVDQy9meno5bDMteGpYZw  
 
[debug] [2021-01-30T02:18:12.433Z] <<< HTTP RESPONSE 200 {"content-type":"application/json; charset=UTF-8","vary":"X-Origin, Referer, Origin,Accept-Encoding","date":"Sat, 30 Jan 2021 02:18:42 GMT","server":"ESF","cache-control":"private","x-xss-protection":"0","x-frame-options":"SAMEORIGIN","x-content-type-options":"nosniff","alt-svc":"h3-29=\":443\"; ma=2592000,h3-T051=\":443\"; ma=2592000,h3-Q050=\":443\"; ma=2592000,h3-Q046=\":443\"; ma=2592000,h3-Q043=\":443\"; ma=2592000,quic=\":443\"; ma=2592000; v=\"46,43\"","accept-ranges":"none","transfer-encoding":"chunked"}
[debug] [2021-01-30T02:18:14.447Z] >>> HTTP REQUEST GET https://cloudfunctions.googleapis.com/v1/operations/ZGltZWxvLXZpcC1jb2wvdXMtY2VudHJhbDEvb25DcmVhdGVDQy9meno5bDMteGpYZw  
 
[debug] [2021-01-30T02:18:14.930Z] <<< HTTP RESPONSE 200 {"content-type":"application/json; charset=UTF-8","vary":"X-Origin, Referer, Origin,Accept-Encoding","date":"Sat, 30 Jan 2021 02:18:45 GMT","server":"ESF","cache-control":"private","x-xss-protection":"0","x-frame-options":"SAMEORIGIN","x-content-type-options":"nosniff","alt-svc":"h3-29=\":443\"; ma=2592000,h3-T051=\":443\"; ma=2592000,h3-Q050=\":443\"; ma=2592000,h3-Q046=\":443\"; ma=2592000,h3-Q043=\":443\"; ma=2592000,quic=\":443\"; ma=2592000; v=\"46,43\"","accept-ranges":"none","transfer-encoding":"chunked"}
[debug] [2021-01-30T02:18:16.939Z] >>> HTTP REQUEST GET https://cloudfunctions.googleapis.com/v1/operations/ZGltZWxvLXZpcC1jb2wvdXMtY2VudHJhbDEvb25DcmVhdGVDQy9meno5bDMteGpYZw  
 
[debug] [2021-01-30T02:18:17.295Z] <<< HTTP RESPONSE 200 {"content-type":"application/json; charset=UTF-8","vary":"X-Origin, Referer, Origin,Accept-Encoding","date":"Sat, 30 Jan 2021 02:18:47 GMT","server":"ESF","cache-control":"private","x-xss-protection":"0","x-frame-options":"SAMEORIGIN","x-content-type-options":"nosniff","alt-svc":"h3-29=\":443\"; ma=2592000,h3-T051=\":443\"; ma=2592000,h3-Q050=\":443\"; ma=2592000,h3-Q046=\":443\"; ma=2592000,h3-Q043=\":443\"; ma=2592000,quic=\":443\"; ma=2592000; v=\"46,43\"","accept-ranges":"none","transfer-encoding":"chunked"}
[debug] [2021-01-30T02:18:19.310Z] >>> HTTP REQUEST GET https://cloudfunctions.googleapis.com/v1/operations/ZGltZWxvLXZpcC1jb2wvdXMtY2VudHJhbDEvb25DcmVhdGVDQy9meno5bDMteGpYZw  
 
[debug] [2021-01-30T02:18:19.840Z] <<< HTTP RESPONSE 200 {"content-type":"application/json; charset=UTF-8","vary":"X-Origin, Referer, Origin,Accept-Encoding","date":"Sat, 30 Jan 2021 02:18:49 GMT","server":"ESF","cache-control":"private","x-xss-protection":"0","x-frame-options":"SAMEORIGIN","x-content-type-options":"nosniff","alt-svc":"h3-29=\":443\"; ma=2592000,h3-T051=\":443\"; ma=2592000,h3-Q050=\":443\"; ma=2592000,h3-Q046=\":443\"; ma=2592000,h3-Q043=\":443\"; ma=2592000,quic=\":443\"; ma=2592000; v=\"46,43\"","accept-ranges":"none","transfer-encoding":"chunked"}
[debug] [2021-01-30T02:18:21.852Z] >>> HTTP REQUEST GET https://cloudfunctions.googleapis.com/v1/operations/ZGltZWxvLXZpcC1jb2wvdXMtY2VudHJhbDEvb25DcmVhdGVDQy9meno5bDMteGpYZw  
 
[debug] [2021-01-30T02:18:22.630Z] <<< HTTP RESPONSE 200 {"content-type":"application/json; charset=UTF-8","vary":"X-Origin, Referer, Origin,Accept-Encoding","date":"Sat, 30 Jan 2021 02:18:52 GMT","server":"ESF","cache-control":"private","x-xss-protection":"0","x-frame-options":"SAMEORIGIN","x-content-type-options":"nosniff","alt-svc":"h3-29=\":443\"; ma=2592000,h3-T051=\":443\"; ma=2592000,h3-Q050=\":443\"; ma=2592000,h3-Q046=\":443\"; ma=2592000,h3-Q043=\":443\"; ma=2592000,quic=\":443\"; ma=2592000; v=\"46,43\"","accept-ranges":"none","transfer-encoding":"chunked"}
[debug] [2021-01-30T02:18:24.634Z] >>> HTTP REQUEST GET https://cloudfunctions.googleapis.com/v1/operations/ZGltZWxvLXZpcC1jb2wvdXMtY2VudHJhbDEvb25DcmVhdGVDQy9meno5bDMteGpYZw  
 
[debug] [2021-01-30T02:18:25.120Z] <<< HTTP RESPONSE 200 {"content-type":"application/json; charset=UTF-8","vary":"X-Origin, Referer, Origin,Accept-Encoding","date":"Sat, 30 Jan 2021 02:18:55 GMT","server":"ESF","cache-control":"private","x-xss-protection":"0","x-frame-options":"SAMEORIGIN","x-content-type-options":"nosniff","alt-svc":"h3-29=\":443\"; ma=2592000,h3-T051=\":443\"; ma=2592000,h3-Q050=\":443\"; ma=2592000,h3-Q046=\":443\"; ma=2592000,h3-Q043=\":443\"; ma=2592000,quic=\":443\"; ma=2592000; v=\"46,43\"","accept-ranges":"none","transfer-encoding":"chunked"}
[debug] [2021-01-30T02:18:27.132Z] >>> HTTP REQUEST GET https://cloudfunctions.googleapis.com/v1/operations/ZGltZWxvLXZpcC1jb2wvdXMtY2VudHJhbDEvb25DcmVhdGVDQy9meno5bDMteGpYZw  
 
[debug] [2021-01-30T02:18:27.612Z] <<< HTTP RESPONSE 200 {"content-type":"application/json; charset=UTF-8","vary":"X-Origin, Referer, Origin,Accept-Encoding","date":"Sat, 30 Jan 2021 02:18:57 GMT","server":"ESF","cache-control":"private","x-xss-protection":"0","x-frame-options":"SAMEORIGIN","x-content-type-options":"nosniff","alt-svc":"h3-29=\":443\"; ma=2592000,h3-T051=\":443\"; ma=2592000,h3-Q050=\":443\"; ma=2592000,h3-Q046=\":443\"; ma=2592000,h3-Q043=\":443\"; ma=2592000,quic=\":443\"; ma=2592000; v=\"46,43\"","accept-ranges":"none","transfer-encoding":"chunked"}
[debug] [2021-01-30T02:18:29.623Z] >>> HTTP REQUEST GET https://cloudfunctions.googleapis.com/v1/operations/ZGltZWxvLXZpcC1jb2wvdXMtY2VudHJhbDEvb25DcmVhdGVDQy9meno5bDMteGpYZw  
 
[debug] [2021-01-30T02:18:30.159Z] <<< HTTP RESPONSE 200 {"content-type":"application/json; charset=UTF-8","vary":"X-Origin, Referer, Origin,Accept-Encoding","date":"Sat, 30 Jan 2021 02:19:00 GMT","server":"ESF","cache-control":"private","x-xss-protection":"0","x-frame-options":"SAMEORIGIN","x-content-type-options":"nosniff","alt-svc":"h3-29=\":443\"; ma=2592000,h3-T051=\":443\"; ma=2592000,h3-Q050=\":443\"; ma=2592000,h3-Q046=\":443\"; ma=2592000,h3-Q043=\":443\"; ma=2592000,quic=\":443\"; ma=2592000; v=\"46,43\"","accept-ranges":"none","transfer-encoding":"chunked"}
[info] +  functions[onCreateCC(us-central1)]: Successful create operation.  
[info] 
[info] +  Deploy complete! 
[info] 
[info] Project Console: https://console.firebase.google.com/project/dimelo-vip-col/overview
